ERROR - 2022-11-23 11:01:21 --> Error connecting to the database: mysqli_sql_exception: Access denied for user 'codeigniter'@'localhost' (using password: YES) in C:\Bitnami\wampstack-8.1.12-0\apache2\htdocs\system\Database\MySQLi\Connection.php:171
Stack trace:
#0 C:\Bitnami\wampstack-8.1.12-0\apache2\htdocs\system\Database\MySQLi\Connection.php(171): mysqli->real_connect()
#1 C:\Bitnami\wampstack-8.1.12-0\apache2\htdocs\system\Database\BaseConnection.php(382): CodeIgniter\Database\MySQLi\Connection->connect()
#2 C:\Bitnami\wampstack-8.1.12-0\apache2\htdocs\system\Database\BaseConnection.php(561): CodeIgniter\Database\BaseConnection->initialize()
#3 C:\Bitnami\wampstack-8.1.12-0\apache2\htdocs\system\Database\BaseBuilder.php(1585): CodeIgniter\Database\BaseConnection->query()
#4 C:\Bitnami\wampstack-8.1.12-0\apache2\htdocs\system\Model.php(223): CodeIgniter\Database\BaseBuilder->get()
#5 C:\Bitnami\wampstack-8.1.12-0\apache2\htdocs\system\BaseModel.php(585): CodeIgniter\Model->doFindAll()
#6 C:\Bitnami\wampstack-8.1.12-0\apache2\htdocs\app\Controllers\mainController.php(14): CodeIgniter\BaseModel->findAll()
#7 C:\Bitnami\wampstack-8.1.12-0\apache2\htdocs\system\CodeIgniter.php(927): App\Controllers\mainController->index()
#8 C:\Bitnami\wampstack-8.1.12-0\apache2\htdocs\system\CodeIgniter.php(482): CodeIgniter\CodeIgniter->runController()
#9 C:\Bitnami\wampstack-8.1.12-0\apache2\htdocs\system\CodeIgniter.php(351): CodeIgniter\CodeIgniter->handleRequest()
#10 C:\Bitnami\wampstack-8.1.12-0\apache2\htdocs\index.php(67): CodeIgniter\CodeIgniter->run()
#11 {main}

Next CodeIgniter\Database\Exceptions\DatabaseException: Access denied for user '****'@'localhost' (using password: YES) in C:\Bitnami\wampstack-8.1.12-0\apache2\htdocs\system\Database\MySQLi\Connection.php:215
Stack trace:
#0 C:\Bitnami\wampstack-8.1.12-0\apache2\htdocs\system\Database\BaseConnection.php(382): CodeIgniter\Database\MySQLi\Connection->connect()
#1 C:\Bitnami\wampstack-8.1.12-0\apache2\htdocs\system\Database\BaseConnection.php(561): CodeIgniter\Database\BaseConnection->initialize()
#2 C:\Bitnami\wampstack-8.1.12-0\apache2\htdocs\system\Database\BaseBuilder.php(1585): CodeIgniter\Database\BaseConnection->query()
#3 C:\Bitnami\wampstack-8.1.12-0\apache2\htdocs\system\Model.php(223): CodeIgniter\Database\BaseBuilder->get()
#4 C:\Bitnami\wampstack-8.1.12-0\apache2\htdocs\system\BaseModel.php(585): CodeIgniter\Model->doFindAll()
#5 C:\Bitnami\wampstack-8.1.12-0\apache2\htdocs\app\Controllers\mainController.php(14): CodeIgniter\BaseModel->findAll()
#6 C:\Bitnami\wampstack-8.1.12-0\apache2\htdocs\system\CodeIgniter.php(927): App\Controllers\mainController->index()
#7 C:\Bitnami\wampstack-8.1.12-0\apache2\htdocs\system\CodeIgniter.php(482): CodeIgniter\CodeIgniter->runController()
#8 C:\Bitnami\wampstack-8.1.12-0\apache2\htdocs\system\CodeIgniter.php(351): CodeIgniter\CodeIgniter->handleRequest()
#9 C:\Bitnami\wampstack-8.1.12-0\apache2\htdocs\index.php(67): CodeIgniter\CodeIgniter->run()
#10 {main}
CRITICAL - 2022-11-23 11:01:21 --> Unable to connect to the database.
Main connection [MySQLi]: Access denied for user '****'@'localhost' (using password: YES)
in SYSTEMPATH\Database\BaseConnection.php on line 418.
 1 SYSTEMPATH\Database\BaseConnection.php(561): CodeIgniter\Database\BaseConnection->initialize()
 2 SYSTEMPATH\Database\BaseBuilder.php(1585): CodeIgniter\Database\BaseConnection->query()
 3 SYSTEMPATH\Model.php(223): CodeIgniter\Database\BaseBuilder->get()
 4 SYSTEMPATH\BaseModel.php(585): CodeIgniter\Model->doFindAll()
 5 APPPATH\Controllers\mainController.php(14): CodeIgniter\BaseModel->findAll()
 6 SYSTEMPATH\CodeIgniter.php(927): App\Controllers\mainController->index()
 7 SYSTEMPATH\CodeIgniter.php(482): CodeIgniter\CodeIgniter->runController()
 8 SYSTEMPATH\CodeIgniter.php(351): CodeIgniter\CodeIgniter->handleRequest()
 9 FCPATH\index.php(67): CodeIgniter\CodeIgniter->run()
ERROR - 2022-11-23 11:01:22 --> Error connecting to the database: mysqli_sql_exception: Access denied for user 'codeigniter'@'localhost' (using password: YES) in C:\Bitnami\wampstack-8.1.12-0\apache2\htdocs\system\Database\MySQLi\Connection.php:171
Stack trace:
#0 C:\Bitnami\wampstack-8.1.12-0\apache2\htdocs\system\Database\MySQLi\Connection.php(171): mysqli->real_connect()
#1 C:\Bitnami\wampstack-8.1.12-0\apache2\htdocs\system\Database\BaseConnection.php(382): CodeIgniter\Database\MySQLi\Connection->connect()
#2 C:\Bitnami\wampstack-8.1.12-0\apache2\htdocs\system\Database\BaseConnection.php(561): CodeIgniter\Database\BaseConnection->initialize()
#3 C:\Bitnami\wampstack-8.1.12-0\apache2\htdocs\system\Database\BaseBuilder.php(1585): CodeIgniter\Database\BaseConnection->query()
#4 C:\Bitnami\wampstack-8.1.12-0\apache2\htdocs\system\Model.php(223): CodeIgniter\Database\BaseBuilder->get()
#5 C:\Bitnami\wampstack-8.1.12-0\apache2\htdocs\system\BaseModel.php(585): CodeIgniter\Model->doFindAll()
#6 C:\Bitnami\wampstack-8.1.12-0\apache2\htdocs\app\Controllers\mainController.php(14): CodeIgniter\BaseModel->findAll()
#7 C:\Bitnami\wampstack-8.1.12-0\apache2\htdocs\system\CodeIgniter.php(927): App\Controllers\mainController->index()
#8 C:\Bitnami\wampstack-8.1.12-0\apache2\htdocs\system\CodeIgniter.php(482): CodeIgniter\CodeIgniter->runController()
#9 C:\Bitnami\wampstack-8.1.12-0\apache2\htdocs\system\CodeIgniter.php(351): CodeIgniter\CodeIgniter->handleRequest()
#10 C:\Bitnami\wampstack-8.1.12-0\apache2\htdocs\index.php(67): CodeIgniter\CodeIgniter->run()
#11 {main}

Next CodeIgniter\Database\Exceptions\DatabaseException: Access denied for user '****'@'localhost' (using password: YES) in C:\Bitnami\wampstack-8.1.12-0\apache2\htdocs\system\Database\MySQLi\Connection.php:215
Stack trace:
#0 C:\Bitnami\wampstack-8.1.12-0\apache2\htdocs\system\Database\BaseConnection.php(382): CodeIgniter\Database\MySQLi\Connection->connect()
#1 C:\Bitnami\wampstack-8.1.12-0\apache2\htdocs\system\Database\BaseConnection.php(561): CodeIgniter\Database\BaseConnection->initialize()
#2 C:\Bitnami\wampstack-8.1.12-0\apache2\htdocs\system\Database\BaseBuilder.php(1585): CodeIgniter\Database\BaseConnection->query()
#3 C:\Bitnami\wampstack-8.1.12-0\apache2\htdocs\system\Model.php(223): CodeIgniter\Database\BaseBuilder->get()
#4 C:\Bitnami\wampstack-8.1.12-0\apache2\htdocs\system\BaseModel.php(585): CodeIgniter\Model->doFindAll()
#5 C:\Bitnami\wampstack-8.1.12-0\apache2\htdocs\app\Controllers\mainController.php(14): CodeIgniter\BaseModel->findAll()
#6 C:\Bitnami\wampstack-8.1.12-0\apache2\htdocs\system\CodeIgniter.php(927): App\Controllers\mainController->index()
#7 C:\Bitnami\wampstack-8.1.12-0\apache2\htdocs\system\CodeIgniter.php(482): CodeIgniter\CodeIgniter->runController()
#8 C:\Bitnami\wampstack-8.1.12-0\apache2\htdocs\system\CodeIgniter.php(351): CodeIgniter\CodeIgniter->handleRequest()
#9 C:\Bitnami\wampstack-8.1.12-0\apache2\htdocs\index.php(67): CodeIgniter\CodeIgniter->run()
#10 {main}
CRITICAL - 2022-11-23 11:01:22 --> Unable to connect to the database.
Main connection [MySQLi]: Access denied for user '****'@'localhost' (using password: YES)
in SYSTEMPATH\Database\BaseConnection.php on line 418.
 1 SYSTEMPATH\Database\BaseConnection.php(561): CodeIgniter\Database\BaseConnection->initialize()
 2 SYSTEMPATH\Database\BaseBuilder.php(1585): CodeIgniter\Database\BaseConnection->query()
 3 SYSTEMPATH\Model.php(223): CodeIgniter\Database\BaseBuilder->get()
 4 SYSTEMPATH\BaseModel.php(585): CodeIgniter\Model->doFindAll()
 5 APPPATH\Controllers\mainController.php(14): CodeIgniter\BaseModel->findAll()
 6 SYSTEMPATH\CodeIgniter.php(927): App\Controllers\mainController->index()
 7 SYSTEMPATH\CodeIgniter.php(482): CodeIgniter\CodeIgniter->runController()
 8 SYSTEMPATH\CodeIgniter.php(351): CodeIgniter\CodeIgniter->handleRequest()
 9 FCPATH\index.php(67): CodeIgniter\CodeIgniter->run()
ERROR - 2022-11-23 11:03:49 --> Error connecting to the database: mysqli_sql_exception: Access denied for user 'codeigniter'@'localhost' (using password: YES) in C:\Bitnami\wampstack-8.1.12-0\apache2\htdocs\system\Database\MySQLi\Connection.php:171
Stack trace:
#0 C:\Bitnami\wampstack-8.1.12-0\apache2\htdocs\system\Database\MySQLi\Connection.php(171): mysqli->real_connect()
#1 C:\Bitnami\wampstack-8.1.12-0\apache2\htdocs\system\Database\BaseConnection.php(382): CodeIgniter\Database\MySQLi\Connection->connect()
#2 C:\Bitnami\wampstack-8.1.12-0\apache2\htdocs\system\Database\BaseConnection.php(561): CodeIgniter\Database\BaseConnection->initialize()
#3 C:\Bitnami\wampstack-8.1.12-0\apache2\htdocs\system\Database\BaseBuilder.php(1585): CodeIgniter\Database\BaseConnection->query()
#4 C:\Bitnami\wampstack-8.1.12-0\apache2\htdocs\system\Model.php(223): CodeIgniter\Database\BaseBuilder->get()
#5 C:\Bitnami\wampstack-8.1.12-0\apache2\htdocs\system\BaseModel.php(585): CodeIgniter\Model->doFindAll()
#6 C:\Bitnami\wampstack-8.1.12-0\apache2\htdocs\app\Controllers\mainController.php(14): CodeIgniter\BaseModel->findAll()
#7 C:\Bitnami\wampstack-8.1.12-0\apache2\htdocs\system\CodeIgniter.php(927): App\Controllers\mainController->index()
#8 C:\Bitnami\wampstack-8.1.12-0\apache2\htdocs\system\CodeIgniter.php(482): CodeIgniter\CodeIgniter->runController()
#9 C:\Bitnami\wampstack-8.1.12-0\apache2\htdocs\system\CodeIgniter.php(351): CodeIgniter\CodeIgniter->handleRequest()
#10 C:\Bitnami\wampstack-8.1.12-0\apache2\htdocs\index.php(67): CodeIgniter\CodeIgniter->run()
#11 {main}

Next CodeIgniter\Database\Exceptions\DatabaseException: Access denied for user '****'@'localhost' (using password: YES) in C:\Bitnami\wampstack-8.1.12-0\apache2\htdocs\system\Database\MySQLi\Connection.php:215
Stack trace:
#0 C:\Bitnami\wampstack-8.1.12-0\apache2\htdocs\system\Database\BaseConnection.php(382): CodeIgniter\Database\MySQLi\Connection->connect()
#1 C:\Bitnami\wampstack-8.1.12-0\apache2\htdocs\system\Database\BaseConnection.php(561): CodeIgniter\Database\BaseConnection->initialize()
#2 C:\Bitnami\wampstack-8.1.12-0\apache2\htdocs\system\Database\BaseBuilder.php(1585): CodeIgniter\Database\BaseConnection->query()
#3 C:\Bitnami\wampstack-8.1.12-0\apache2\htdocs\system\Model.php(223): CodeIgniter\Database\BaseBuilder->get()
#4 C:\Bitnami\wampstack-8.1.12-0\apache2\htdocs\system\BaseModel.php(585): CodeIgniter\Model->doFindAll()
#5 C:\Bitnami\wampstack-8.1.12-0\apache2\htdocs\app\Controllers\mainController.php(14): CodeIgniter\BaseModel->findAll()
#6 C:\Bitnami\wampstack-8.1.12-0\apache2\htdocs\system\CodeIgniter.php(927): App\Controllers\mainController->index()
#7 C:\Bitnami\wampstack-8.1.12-0\apache2\htdocs\system\CodeIgniter.php(482): CodeIgniter\CodeIgniter->runController()
#8 C:\Bitnami\wampstack-8.1.12-0\apache2\htdocs\system\CodeIgniter.php(351): CodeIgniter\CodeIgniter->handleRequest()
#9 C:\Bitnami\wampstack-8.1.12-0\apache2\htdocs\index.php(67): CodeIgniter\CodeIgniter->run()
#10 {main}
CRITICAL - 2022-11-23 11:03:49 --> Unable to connect to the database.
Main connection [MySQLi]: Access denied for user '****'@'localhost' (using password: YES)
in SYSTEMPATH\Database\BaseConnection.php on line 418.
 1 SYSTEMPATH\Database\BaseConnection.php(561): CodeIgniter\Database\BaseConnection->initialize()
 2 SYSTEMPATH\Database\BaseBuilder.php(1585): CodeIgniter\Database\BaseConnection->query()
 3 SYSTEMPATH\Model.php(223): CodeIgniter\Database\BaseBuilder->get()
 4 SYSTEMPATH\BaseModel.php(585): CodeIgniter\Model->doFindAll()
 5 APPPATH\Controllers\mainController.php(14): CodeIgniter\BaseModel->findAll()
 6 SYSTEMPATH\CodeIgniter.php(927): App\Controllers\mainController->index()
 7 SYSTEMPATH\CodeIgniter.php(482): CodeIgniter\CodeIgniter->runController()
 8 SYSTEMPATH\CodeIgniter.php(351): CodeIgniter\CodeIgniter->handleRequest()
 9 FCPATH\index.php(67): CodeIgniter\CodeIgniter->run()
ERROR - 2022-11-23 11:03:52 --> Error connecting to the database: mysqli_sql_exception: Access denied for user 'codeigniter'@'localhost' (using password: YES) in C:\Bitnami\wampstack-8.1.12-0\apache2\htdocs\system\Database\MySQLi\Connection.php:171
Stack trace:
#0 C:\Bitnami\wampstack-8.1.12-0\apache2\htdocs\system\Database\MySQLi\Connection.php(171): mysqli->real_connect()
#1 C:\Bitnami\wampstack-8.1.12-0\apache2\htdocs\system\Database\BaseConnection.php(382): CodeIgniter\Database\MySQLi\Connection->connect()
#2 C:\Bitnami\wampstack-8.1.12-0\apache2\htdocs\system\Database\BaseConnection.php(561): CodeIgniter\Database\BaseConnection->initialize()
#3 C:\Bitnami\wampstack-8.1.12-0\apache2\htdocs\system\Database\BaseBuilder.php(1585): CodeIgniter\Database\BaseConnection->query()
#4 C:\Bitnami\wampstack-8.1.12-0\apache2\htdocs\system\Model.php(223): CodeIgniter\Database\BaseBuilder->get()
#5 C:\Bitnami\wampstack-8.1.12-0\apache2\htdocs\system\BaseModel.php(585): CodeIgniter\Model->doFindAll()
#6 C:\Bitnami\wampstack-8.1.12-0\apache2\htdocs\app\Controllers\mainController.php(14): CodeIgniter\BaseModel->findAll()
#7 C:\Bitnami\wampstack-8.1.12-0\apache2\htdocs\system\CodeIgniter.php(927): App\Controllers\mainController->index()
#8 C:\Bitnami\wampstack-8.1.12-0\apache2\htdocs\system\CodeIgniter.php(482): CodeIgniter\CodeIgniter->runController()
#9 C:\Bitnami\wampstack-8.1.12-0\apache2\htdocs\system\CodeIgniter.php(351): CodeIgniter\CodeIgniter->handleRequest()
#10 C:\Bitnami\wampstack-8.1.12-0\apache2\htdocs\index.php(67): CodeIgniter\CodeIgniter->run()
#11 {main}

Next CodeIgniter\Database\Exceptions\DatabaseException: Access denied for user '****'@'localhost' (using password: YES) in C:\Bitnami\wampstack-8.1.12-0\apache2\htdocs\system\Database\MySQLi\Connection.php:215
Stack trace:
#0 C:\Bitnami\wampstack-8.1.12-0\apache2\htdocs\system\Database\BaseConnection.php(382): CodeIgniter\Database\MySQLi\Connection->connect()
#1 C:\Bitnami\wampstack-8.1.12-0\apache2\htdocs\system\Database\BaseConnection.php(561): CodeIgniter\Database\BaseConnection->initialize()
#2 C:\Bitnami\wampstack-8.1.12-0\apache2\htdocs\system\Database\BaseBuilder.php(1585): CodeIgniter\Database\BaseConnection->query()
#3 C:\Bitnami\wampstack-8.1.12-0\apache2\htdocs\system\Model.php(223): CodeIgniter\Database\BaseBuilder->get()
#4 C:\Bitnami\wampstack-8.1.12-0\apache2\htdocs\system\BaseModel.php(585): CodeIgniter\Model->doFindAll()
#5 C:\Bitnami\wampstack-8.1.12-0\apache2\htdocs\app\Controllers\mainController.php(14): CodeIgniter\BaseModel->findAll()
#6 C:\Bitnami\wampstack-8.1.12-0\apache2\htdocs\system\CodeIgniter.php(927): App\Controllers\mainController->index()
#7 C:\Bitnami\wampstack-8.1.12-0\apache2\htdocs\system\CodeIgniter.php(482): CodeIgniter\CodeIgniter->runController()
#8 C:\Bitnami\wampstack-8.1.12-0\apache2\htdocs\system\CodeIgniter.php(351): CodeIgniter\CodeIgniter->handleRequest()
#9 C:\Bitnami\wampstack-8.1.12-0\apache2\htdocs\index.php(67): CodeIgniter\CodeIgniter->run()
#10 {main}
CRITICAL - 2022-11-23 11:03:52 --> Unable to connect to the database.
Main connection [MySQLi]: Access denied for user '****'@'localhost' (using password: YES)
in SYSTEMPATH\Database\BaseConnection.php on line 418.
 1 SYSTEMPATH\Database\BaseConnection.php(561): CodeIgniter\Database\BaseConnection->initialize()
 2 SYSTEMPATH\Database\BaseBuilder.php(1585): CodeIgniter\Database\BaseConnection->query()
 3 SYSTEMPATH\Model.php(223): CodeIgniter\Database\BaseBuilder->get()
 4 SYSTEMPATH\BaseModel.php(585): CodeIgniter\Model->doFindAll()
 5 APPPATH\Controllers\mainController.php(14): CodeIgniter\BaseModel->findAll()
 6 SYSTEMPATH\CodeIgniter.php(927): App\Controllers\mainController->index()
 7 SYSTEMPATH\CodeIgniter.php(482): CodeIgniter\CodeIgniter->runController()
 8 SYSTEMPATH\CodeIgniter.php(351): CodeIgniter\CodeIgniter->handleRequest()
 9 FCPATH\index.php(67): CodeIgniter\CodeIgniter->run()
ERROR - 2022-11-23 11:05:08 --> Error connecting to the database: mysqli_sql_exception: Access denied for user 'codeigniter'@'localhost' (using password: YES) in C:\Bitnami\wampstack-8.1.12-0\apache2\htdocs\system\Database\MySQLi\Connection.php:171
Stack trace:
#0 C:\Bitnami\wampstack-8.1.12-0\apache2\htdocs\system\Database\MySQLi\Connection.php(171): mysqli->real_connect()
#1 C:\Bitnami\wampstack-8.1.12-0\apache2\htdocs\system\Database\BaseConnection.php(382): CodeIgniter\Database\MySQLi\Connection->connect()
#2 C:\Bitnami\wampstack-8.1.12-0\apache2\htdocs\system\Database\BaseConnection.php(561): CodeIgniter\Database\BaseConnection->initialize()
#3 C:\Bitnami\wampstack-8.1.12-0\apache2\htdocs\system\Database\BaseBuilder.php(1585): CodeIgniter\Database\BaseConnection->query()
#4 C:\Bitnami\wampstack-8.1.12-0\apache2\htdocs\system\Model.php(223): CodeIgniter\Database\BaseBuilder->get()
#5 C:\Bitnami\wampstack-8.1.12-0\apache2\htdocs\system\BaseModel.php(585): CodeIgniter\Model->doFindAll()
#6 C:\Bitnami\wampstack-8.1.12-0\apache2\htdocs\app\Controllers\mainController.php(14): CodeIgniter\BaseModel->findAll()
#7 C:\Bitnami\wampstack-8.1.12-0\apache2\htdocs\system\CodeIgniter.php(927): App\Controllers\mainController->index()
#8 C:\Bitnami\wampstack-8.1.12-0\apache2\htdocs\system\CodeIgniter.php(482): CodeIgniter\CodeIgniter->runController()
#9 C:\Bitnami\wampstack-8.1.12-0\apache2\htdocs\system\CodeIgniter.php(351): CodeIgniter\CodeIgniter->handleRequest()
#10 C:\Bitnami\wampstack-8.1.12-0\apache2\htdocs\index.php(67): CodeIgniter\CodeIgniter->run()
#11 {main}

Next CodeIgniter\Database\Exceptions\DatabaseException: Access denied for user '****'@'localhost' (using password: YES) in C:\Bitnami\wampstack-8.1.12-0\apache2\htdocs\system\Database\MySQLi\Connection.php:215
Stack trace:
#0 C:\Bitnami\wampstack-8.1.12-0\apache2\htdocs\system\Database\BaseConnection.php(382): CodeIgniter\Database\MySQLi\Connection->connect()
#1 C:\Bitnami\wampstack-8.1.12-0\apache2\htdocs\system\Database\BaseConnection.php(561): CodeIgniter\Database\BaseConnection->initialize()
#2 C:\Bitnami\wampstack-8.1.12-0\apache2\htdocs\system\Database\BaseBuilder.php(1585): CodeIgniter\Database\BaseConnection->query()
#3 C:\Bitnami\wampstack-8.1.12-0\apache2\htdocs\system\Model.php(223): CodeIgniter\Database\BaseBuilder->get()
#4 C:\Bitnami\wampstack-8.1.12-0\apache2\htdocs\system\BaseModel.php(585): CodeIgniter\Model->doFindAll()
#5 C:\Bitnami\wampstack-8.1.12-0\apache2\htdocs\app\Controllers\mainController.php(14): CodeIgniter\BaseModel->findAll()
#6 C:\Bitnami\wampstack-8.1.12-0\apache2\htdocs\system\CodeIgniter.php(927): App\Controllers\mainController->index()
#7 C:\Bitnami\wampstack-8.1.12-0\apache2\htdocs\system\CodeIgniter.php(482): CodeIgniter\CodeIgniter->runController()
#8 C:\Bitnami\wampstack-8.1.12-0\apache2\htdocs\system\CodeIgniter.php(351): CodeIgniter\CodeIgniter->handleRequest()
#9 C:\Bitnami\wampstack-8.1.12-0\apache2\htdocs\index.php(67): CodeIgniter\CodeIgniter->run()
#10 {main}
CRITICAL - 2022-11-23 11:05:08 --> Unable to connect to the database.
Main connection [MySQLi]: Access denied for user '****'@'localhost' (using password: YES)
in SYSTEMPATH\Database\BaseConnection.php on line 418.
 1 SYSTEMPATH\Database\BaseConnection.php(561): CodeIgniter\Database\BaseConnection->initialize()
 2 SYSTEMPATH\Database\BaseBuilder.php(1585): CodeIgniter\Database\BaseConnection->query()
 3 SYSTEMPATH\Model.php(223): CodeIgniter\Database\BaseBuilder->get()
 4 SYSTEMPATH\BaseModel.php(585): CodeIgniter\Model->doFindAll()
 5 APPPATH\Controllers\mainController.php(14): CodeIgniter\BaseModel->findAll()
 6 SYSTEMPATH\CodeIgniter.php(927): App\Controllers\mainController->index()
 7 SYSTEMPATH\CodeIgniter.php(482): CodeIgniter\CodeIgniter->runController()
 8 SYSTEMPATH\CodeIgniter.php(351): CodeIgniter\CodeIgniter->handleRequest()
 9 FCPATH\index.php(67): CodeIgniter\CodeIgniter->run()
ERROR - 2022-11-23 11:09:44 --> Error connecting to the database: mysqli_sql_exception: Access denied for user 'codeigniter'@'localhost' (using password: YES) in C:\Bitnami\wampstack-8.1.12-0\apache2\htdocs\system\Database\MySQLi\Connection.php:171
Stack trace:
#0 C:\Bitnami\wampstack-8.1.12-0\apache2\htdocs\system\Database\MySQLi\Connection.php(171): mysqli->real_connect()
#1 C:\Bitnami\wampstack-8.1.12-0\apache2\htdocs\system\Database\BaseConnection.php(382): CodeIgniter\Database\MySQLi\Connection->connect()
#2 C:\Bitnami\wampstack-8.1.12-0\apache2\htdocs\system\Database\BaseConnection.php(561): CodeIgniter\Database\BaseConnection->initialize()
#3 C:\Bitnami\wampstack-8.1.12-0\apache2\htdocs\system\Database\BaseBuilder.php(1585): CodeIgniter\Database\BaseConnection->query()
#4 C:\Bitnami\wampstack-8.1.12-0\apache2\htdocs\system\Model.php(223): CodeIgniter\Database\BaseBuilder->get()
#5 C:\Bitnami\wampstack-8.1.12-0\apache2\htdocs\system\BaseModel.php(585): CodeIgniter\Model->doFindAll()
#6 C:\Bitnami\wampstack-8.1.12-0\apache2\htdocs\app\Controllers\mainController.php(14): CodeIgniter\BaseModel->findAll()
#7 C:\Bitnami\wampstack-8.1.12-0\apache2\htdocs\system\CodeIgniter.php(927): App\Controllers\mainController->index()
#8 C:\Bitnami\wampstack-8.1.12-0\apache2\htdocs\system\CodeIgniter.php(482): CodeIgniter\CodeIgniter->runController()
#9 C:\Bitnami\wampstack-8.1.12-0\apache2\htdocs\system\CodeIgniter.php(351): CodeIgniter\CodeIgniter->handleRequest()
#10 C:\Bitnami\wampstack-8.1.12-0\apache2\htdocs\index.php(67): CodeIgniter\CodeIgniter->run()
#11 {main}

Next CodeIgniter\Database\Exceptions\DatabaseException: Access denied for user '****'@'localhost' (using password: YES) in C:\Bitnami\wampstack-8.1.12-0\apache2\htdocs\system\Database\MySQLi\Connection.php:215
Stack trace:
#0 C:\Bitnami\wampstack-8.1.12-0\apache2\htdocs\system\Database\BaseConnection.php(382): CodeIgniter\Database\MySQLi\Connection->connect()
#1 C:\Bitnami\wampstack-8.1.12-0\apache2\htdocs\system\Database\BaseConnection.php(561): CodeIgniter\Database\BaseConnection->initialize()
#2 C:\Bitnami\wampstack-8.1.12-0\apache2\htdocs\system\Database\BaseBuilder.php(1585): CodeIgniter\Database\BaseConnection->query()
#3 C:\Bitnami\wampstack-8.1.12-0\apache2\htdocs\system\Model.php(223): CodeIgniter\Database\BaseBuilder->get()
#4 C:\Bitnami\wampstack-8.1.12-0\apache2\htdocs\system\BaseModel.php(585): CodeIgniter\Model->doFindAll()
#5 C:\Bitnami\wampstack-8.1.12-0\apache2\htdocs\app\Controllers\mainController.php(14): CodeIgniter\BaseModel->findAll()
#6 C:\Bitnami\wampstack-8.1.12-0\apache2\htdocs\system\CodeIgniter.php(927): App\Controllers\mainController->index()
#7 C:\Bitnami\wampstack-8.1.12-0\apache2\htdocs\system\CodeIgniter.php(482): CodeIgniter\CodeIgniter->runController()
#8 C:\Bitnami\wampstack-8.1.12-0\apache2\htdocs\system\CodeIgniter.php(351): CodeIgniter\CodeIgniter->handleRequest()
#9 C:\Bitnami\wampstack-8.1.12-0\apache2\htdocs\index.php(67): CodeIgniter\CodeIgniter->run()
#10 {main}
CRITICAL - 2022-11-23 11:09:44 --> Unable to connect to the database.
Main connection [MySQLi]: Access denied for user '****'@'localhost' (using password: YES)
in SYSTEMPATH\Database\BaseConnection.php on line 418.
 1 SYSTEMPATH\Database\BaseConnection.php(561): CodeIgniter\Database\BaseConnection->initialize()
 2 SYSTEMPATH\Database\BaseBuilder.php(1585): CodeIgniter\Database\BaseConnection->query()
 3 SYSTEMPATH\Model.php(223): CodeIgniter\Database\BaseBuilder->get()
 4 SYSTEMPATH\BaseModel.php(585): CodeIgniter\Model->doFindAll()
 5 APPPATH\Controllers\mainController.php(14): CodeIgniter\BaseModel->findAll()
 6 SYSTEMPATH\CodeIgniter.php(927): App\Controllers\mainController->index()
 7 SYSTEMPATH\CodeIgniter.php(482): CodeIgniter\CodeIgniter->runController()
 8 SYSTEMPATH\CodeIgniter.php(351): CodeIgniter\CodeIgniter->handleRequest()
 9 FCPATH\index.php(67): CodeIgniter\CodeIgniter->run()
ERROR - 2022-11-23 11:40:05 --> Error connecting to the database: mysqli_sql_exception: Unknown database 'codeigniter' in C:\Bitnami\wampstack-8.1.12-0\apache2\htdocs\system\Database\MySQLi\Connection.php:171
Stack trace:
#0 C:\Bitnami\wampstack-8.1.12-0\apache2\htdocs\system\Database\MySQLi\Connection.php(171): mysqli->real_connect()
#1 C:\Bitnami\wampstack-8.1.12-0\apache2\htdocs\system\Database\BaseConnection.php(382): CodeIgniter\Database\MySQLi\Connection->connect()
#2 C:\Bitnami\wampstack-8.1.12-0\apache2\htdocs\system\Database\BaseConnection.php(561): CodeIgniter\Database\BaseConnection->initialize()
#3 C:\Bitnami\wampstack-8.1.12-0\apache2\htdocs\system\Database\BaseBuilder.php(1585): CodeIgniter\Database\BaseConnection->query()
#4 C:\Bitnami\wampstack-8.1.12-0\apache2\htdocs\system\Model.php(223): CodeIgniter\Database\BaseBuilder->get()
#5 C:\Bitnami\wampstack-8.1.12-0\apache2\htdocs\system\BaseModel.php(585): CodeIgniter\Model->doFindAll()
#6 C:\Bitnami\wampstack-8.1.12-0\apache2\htdocs\app\Controllers\mainController.php(14): CodeIgniter\BaseModel->findAll()
#7 C:\Bitnami\wampstack-8.1.12-0\apache2\htdocs\system\CodeIgniter.php(927): App\Controllers\mainController->index()
#8 C:\Bitnami\wampstack-8.1.12-0\apache2\htdocs\system\CodeIgniter.php(482): CodeIgniter\CodeIgniter->runController()
#9 C:\Bitnami\wampstack-8.1.12-0\apache2\htdocs\system\CodeIgniter.php(351): CodeIgniter\CodeIgniter->handleRequest()
#10 C:\Bitnami\wampstack-8.1.12-0\apache2\htdocs\index.php(67): CodeIgniter\CodeIgniter->run()
#11 {main}

Next CodeIgniter\Database\Exceptions\DatabaseException: Unknown database 'codeigniter' in C:\Bitnami\wampstack-8.1.12-0\apache2\htdocs\system\Database\MySQLi\Connection.php:215
Stack trace:
#0 C:\Bitnami\wampstack-8.1.12-0\apache2\htdocs\system\Database\BaseConnection.php(382): CodeIgniter\Database\MySQLi\Connection->connect()
#1 C:\Bitnami\wampstack-8.1.12-0\apache2\htdocs\system\Database\BaseConnection.php(561): CodeIgniter\Database\BaseConnection->initialize()
#2 C:\Bitnami\wampstack-8.1.12-0\apache2\htdocs\system\Database\BaseBuilder.php(1585): CodeIgniter\Database\BaseConnection->query()
#3 C:\Bitnami\wampstack-8.1.12-0\apache2\htdocs\system\Model.php(223): CodeIgniter\Database\BaseBuilder->get()
#4 C:\Bitnami\wampstack-8.1.12-0\apache2\htdocs\system\BaseModel.php(585): CodeIgniter\Model->doFindAll()
#5 C:\Bitnami\wampstack-8.1.12-0\apache2\htdocs\app\Controllers\mainController.php(14): CodeIgniter\BaseModel->findAll()
#6 C:\Bitnami\wampstack-8.1.12-0\apache2\htdocs\system\CodeIgniter.php(927): App\Controllers\mainController->index()
#7 C:\Bitnami\wampstack-8.1.12-0\apache2\htdocs\system\CodeIgniter.php(482): CodeIgniter\CodeIgniter->runController()
#8 C:\Bitnami\wampstack-8.1.12-0\apache2\htdocs\system\CodeIgniter.php(351): CodeIgniter\CodeIgniter->handleRequest()
#9 C:\Bitnami\wampstack-8.1.12-0\apache2\htdocs\index.php(67): CodeIgniter\CodeIgniter->run()
#10 {main}
CRITICAL - 2022-11-23 11:40:05 --> Unable to connect to the database.
Main connection [MySQLi]: Unknown database 'codeigniter'
in SYSTEMPATH\Database\BaseConnection.php on line 418.
 1 SYSTEMPATH\Database\BaseConnection.php(561): CodeIgniter\Database\BaseConnection->initialize()
 2 SYSTEMPATH\Database\BaseBuilder.php(1585): CodeIgniter\Database\BaseConnection->query()
 3 SYSTEMPATH\Model.php(223): CodeIgniter\Database\BaseBuilder->get()
 4 SYSTEMPATH\BaseModel.php(585): CodeIgniter\Model->doFindAll()
 5 APPPATH\Controllers\mainController.php(14): CodeIgniter\BaseModel->findAll()
 6 SYSTEMPATH\CodeIgniter.php(927): App\Controllers\mainController->index()
 7 SYSTEMPATH\CodeIgniter.php(482): CodeIgniter\CodeIgniter->runController()
 8 SYSTEMPATH\CodeIgniter.php(351): CodeIgniter\CodeIgniter->handleRequest()
 9 FCPATH\index.php(67): CodeIgniter\CodeIgniter->run()
CRITICAL - 2022-11-23 12:16:24 --> The original file is not a valid file.
in SYSTEMPATH\HTTP\Files\UploadedFile.php on line 137.
 1 SYSTEMPATH\HTTP\Files\UploadedFile.php(137): CodeIgniter\HTTP\Exceptions\HTTPException::forInvalidFile()
 2 APPPATH\Controllers\mainController.php(42): CodeIgniter\HTTP\Files\UploadedFile->move()
 3 SYSTEMPATH\CodeIgniter.php(927): App\Controllers\mainController->save_user()
 4 SYSTEMPATH\CodeIgniter.php(482): CodeIgniter\CodeIgniter->runController()
 5 SYSTEMPATH\CodeIgniter.php(351): CodeIgniter\CodeIgniter->handleRequest()
 6 FCPATH\index.php(67): CodeIgniter\CodeIgniter->run()
CRITICAL - 2022-11-23 12:16:38 --> The original file is not a valid file.
in SYSTEMPATH\HTTP\Files\UploadedFile.php on line 137.
 1 SYSTEMPATH\HTTP\Files\UploadedFile.php(137): CodeIgniter\HTTP\Exceptions\HTTPException::forInvalidFile()
 2 APPPATH\Controllers\mainController.php(42): CodeIgniter\HTTP\Files\UploadedFile->move()
 3 SYSTEMPATH\CodeIgniter.php(927): App\Controllers\mainController->save_user()
 4 SYSTEMPATH\CodeIgniter.php(482): CodeIgniter\CodeIgniter->runController()
 5 SYSTEMPATH\CodeIgniter.php(351): CodeIgniter\CodeIgniter->handleRequest()
 6 FCPATH\index.php(67): CodeIgniter\CodeIgniter->run()
ERROR - 2022-11-23 12:20:01 --> mysqli_sql_exception: Duplicate entry '0' for key 'PRIMARY' in C:\Bitnami\wampstack-8.1.12-0\apache2\htdocs\system\Database\MySQLi\Connection.php:292
Stack trace:
#0 C:\Bitnami\wampstack-8.1.12-0\apache2\htdocs\system\Database\MySQLi\Connection.php(292): mysqli->query()
#1 C:\Bitnami\wampstack-8.1.12-0\apache2\htdocs\system\Database\BaseConnection.php(666): CodeIgniter\Database\MySQLi\Connection->execute()
#2 C:\Bitnami\wampstack-8.1.12-0\apache2\htdocs\system\Database\BaseConnection.php(593): CodeIgniter\Database\BaseConnection->simpleQuery()
#3 C:\Bitnami\wampstack-8.1.12-0\apache2\htdocs\system\Database\BaseBuilder.php(1916): CodeIgniter\Database\BaseConnection->query()
#4 C:\Bitnami\wampstack-8.1.12-0\apache2\htdocs\system\Model.php(279): CodeIgniter\Database\BaseBuilder->insert()
#5 C:\Bitnami\wampstack-8.1.12-0\apache2\htdocs\system\BaseModel.php(749): CodeIgniter\Model->doInsert()
#6 C:\Bitnami\wampstack-8.1.12-0\apache2\htdocs\system\Model.php(667): CodeIgniter\BaseModel->insert()
#7 C:\Bitnami\wampstack-8.1.12-0\apache2\htdocs\app\Controllers\mainController.php(48): CodeIgniter\Model->insert()
#8 C:\Bitnami\wampstack-8.1.12-0\apache2\htdocs\system\CodeIgniter.php(927): App\Controllers\mainController->save_user()
#9 C:\Bitnami\wampstack-8.1.12-0\apache2\htdocs\system\CodeIgniter.php(482): CodeIgniter\CodeIgniter->runController()
#10 C:\Bitnami\wampstack-8.1.12-0\apache2\htdocs\system\CodeIgniter.php(351): CodeIgniter\CodeIgniter->handleRequest()
#11 C:\Bitnami\wampstack-8.1.12-0\apache2\htdocs\index.php(67): CodeIgniter\CodeIgniter->run()
#12 {main}
CRITICAL - 2022-11-23 12:20:01 --> Duplicate entry '0' for key 'PRIMARY'
in SYSTEMPATH\Database\MySQLi\Connection.php on line 292.
 1 SYSTEMPATH\Database\MySQLi\Connection.php(292): mysqli->query()
 2 SYSTEMPATH\Database\BaseConnection.php(666): CodeIgniter\Database\MySQLi\Connection->execute()
 3 SYSTEMPATH\Database\BaseConnection.php(593): CodeIgniter\Database\BaseConnection->simpleQuery()
 4 SYSTEMPATH\Database\BaseBuilder.php(1916): CodeIgniter\Database\BaseConnection->query()
 5 SYSTEMPATH\Model.php(279): CodeIgniter\Database\BaseBuilder->insert()
 6 SYSTEMPATH\BaseModel.php(749): CodeIgniter\Model->doInsert()
 7 SYSTEMPATH\Model.php(667): CodeIgniter\BaseModel->insert()
 8 APPPATH\Controllers\mainController.php(48): CodeIgniter\Model->insert()
 9 SYSTEMPATH\CodeIgniter.php(927): App\Controllers\mainController->save_user()
10 SYSTEMPATH\CodeIgniter.php(482): CodeIgniter\CodeIgniter->runController()
11 SYSTEMPATH\CodeIgniter.php(351): CodeIgniter\CodeIgniter->handleRequest()
12 FCPATH\index.php(67): CodeIgniter\CodeIgniter->run()
CRITICAL - 2022-11-23 13:02:25 --> syntax error, unexpected identifier "userAvatar"
in APPPATH\Views\home.php on line 20.
 1 SYSTEMPATH\View\View.php(216): CodeIgniter\View\View->CodeIgniter\View\{closure}()
 2 SYSTEMPATH\Common.php(1134): CodeIgniter\View\View->render()
 3 APPPATH\Controllers\mainController.php(18): view()
 4 SYSTEMPATH\CodeIgniter.php(927): App\Controllers\mainController->index()
 5 SYSTEMPATH\CodeIgniter.php(482): CodeIgniter\CodeIgniter->runController()
 6 SYSTEMPATH\CodeIgniter.php(351): CodeIgniter\CodeIgniter->handleRequest()
 7 FCPATH\index.php(67): CodeIgniter\CodeIgniter->run()
CRITICAL - 2022-11-23 13:03:42 --> syntax error, unexpected token "endif"
in APPPATH\Views\home.php on line 30.
 1 SYSTEMPATH\View\View.php(216): CodeIgniter\View\View->CodeIgniter\View\{closure}()
 2 SYSTEMPATH\Common.php(1134): CodeIgniter\View\View->render()
 3 APPPATH\Controllers\mainController.php(18): view()
 4 SYSTEMPATH\CodeIgniter.php(927): App\Controllers\mainController->index()
 5 SYSTEMPATH\CodeIgniter.php(482): CodeIgniter\CodeIgniter->runController()
 6 SYSTEMPATH\CodeIgniter.php(351): CodeIgniter\CodeIgniter->handleRequest()
 7 FCPATH\index.php(67): CodeIgniter\CodeIgniter->run()
CRITICAL - 2022-11-23 13:06:06 --> Undefined constant "userAvatarTitle"
in APPPATH\Views\home.php on line 22.
 1 SYSTEMPATH\View\View.php(213): include()
 2 SYSTEMPATH\View\View.php(216): CodeIgniter\View\View->CodeIgniter\View\{closure}()
 3 SYSTEMPATH\Common.php(1134): CodeIgniter\View\View->render()
 4 APPPATH\Controllers\mainController.php(18): view()
 5 SYSTEMPATH\CodeIgniter.php(927): App\Controllers\mainController->index()
 6 SYSTEMPATH\CodeIgniter.php(482): CodeIgniter\CodeIgniter->runController()
 7 SYSTEMPATH\CodeIgniter.php(351): CodeIgniter\CodeIgniter->handleRequest()
 8 FCPATH\index.php(67): CodeIgniter\CodeIgniter->run()
CRITICAL - 2022-11-23 13:06:37 --> Undefined constant "userAvatarTitle"
in APPPATH\Views\home.php on line 22.
 1 SYSTEMPATH\View\View.php(213): include()
 2 SYSTEMPATH\View\View.php(216): CodeIgniter\View\View->CodeIgniter\View\{closure}()
 3 SYSTEMPATH\Common.php(1134): CodeIgniter\View\View->render()
 4 APPPATH\Controllers\mainController.php(18): view()
 5 SYSTEMPATH\CodeIgniter.php(927): App\Controllers\mainController->index()
 6 SYSTEMPATH\CodeIgniter.php(482): CodeIgniter\CodeIgniter->runController()
 7 SYSTEMPATH\CodeIgniter.php(351): CodeIgniter\CodeIgniter->handleRequest()
 8 FCPATH\index.php(67): CodeIgniter\CodeIgniter->run()
CRITICAL - 2022-11-23 13:09:51 --> syntax error, unexpected integer "50"
in APPPATH\Views\home.php on line 21.
 1 SYSTEMPATH\View\View.php(216): CodeIgniter\View\View->CodeIgniter\View\{closure}()
 2 SYSTEMPATH\Common.php(1134): CodeIgniter\View\View->render()
 3 APPPATH\Controllers\mainController.php(18): view()
 4 SYSTEMPATH\CodeIgniter.php(927): App\Controllers\mainController->index()
 5 SYSTEMPATH\CodeIgniter.php(482): CodeIgniter\CodeIgniter->runController()
 6 SYSTEMPATH\CodeIgniter.php(351): CodeIgniter\CodeIgniter->handleRequest()
 7 FCPATH\index.php(67): CodeIgniter\CodeIgniter->run()
CRITICAL - 2022-11-23 13:14:52 --> syntax error, unexpected token "if"
in APPPATH\Views\home.php on line 29.
 1 SYSTEMPATH\View\View.php(216): CodeIgniter\View\View->CodeIgniter\View\{closure}()
 2 SYSTEMPATH\Common.php(1134): CodeIgniter\View\View->render()
 3 APPPATH\Controllers\mainController.php(18): view()
 4 SYSTEMPATH\CodeIgniter.php(927): App\Controllers\mainController->index()
 5 SYSTEMPATH\CodeIgniter.php(482): CodeIgniter\CodeIgniter->runController()
 6 SYSTEMPATH\CodeIgniter.php(351): CodeIgniter\CodeIgniter->handleRequest()
 7 FCPATH\index.php(67): CodeIgniter\CodeIgniter->run()
CRITICAL - 2022-11-23 13:15:12 --> syntax error, unexpected token "endforeach"
in APPPATH\Views\home.php on line 32.
 1 SYSTEMPATH\View\View.php(216): CodeIgniter\View\View->CodeIgniter\View\{closure}()
 2 SYSTEMPATH\Common.php(1134): CodeIgniter\View\View->render()
 3 APPPATH\Controllers\mainController.php(18): view()
 4 SYSTEMPATH\CodeIgniter.php(927): App\Controllers\mainController->index()
 5 SYSTEMPATH\CodeIgniter.php(482): CodeIgniter\CodeIgniter->runController()
 6 SYSTEMPATH\CodeIgniter.php(351): CodeIgniter\CodeIgniter->handleRequest()
 7 FCPATH\index.php(67): CodeIgniter\CodeIgniter->run()
CRITICAL - 2022-11-23 13:15:26 --> syntax error, unexpected token "endforeach"
in APPPATH\Views\home.php on line 32.
 1 SYSTEMPATH\View\View.php(216): CodeIgniter\View\View->CodeIgniter\View\{closure}()
 2 SYSTEMPATH\Common.php(1134): CodeIgniter\View\View->render()
 3 APPPATH\Controllers\mainController.php(18): view()
 4 SYSTEMPATH\CodeIgniter.php(927): App\Controllers\mainController->index()
 5 SYSTEMPATH\CodeIgniter.php(482): CodeIgniter\CodeIgniter->runController()
 6 SYSTEMPATH\CodeIgniter.php(351): CodeIgniter\CodeIgniter->handleRequest()
 7 FCPATH\index.php(67): CodeIgniter\CodeIgniter->run()
CRITICAL - 2022-11-23 13:15:55 --> syntax error, unexpected token "}"
in APPPATH\Views\home.php on line 29.
 1 SYSTEMPATH\View\View.php(216): CodeIgniter\View\View->CodeIgniter\View\{closure}()
 2 SYSTEMPATH\Common.php(1134): CodeIgniter\View\View->render()
 3 APPPATH\Controllers\mainController.php(18): view()
 4 SYSTEMPATH\CodeIgniter.php(927): App\Controllers\mainController->index()
 5 SYSTEMPATH\CodeIgniter.php(482): CodeIgniter\CodeIgniter->runController()
 6 SYSTEMPATH\CodeIgniter.php(351): CodeIgniter\CodeIgniter->handleRequest()
 7 FCPATH\index.php(67): CodeIgniter\CodeIgniter->run()
CRITICAL - 2022-11-23 13:16:23 --> syntax error, unexpected token "endforeach"
in APPPATH\Views\home.php on line 32.
 1 SYSTEMPATH\View\View.php(216): CodeIgniter\View\View->CodeIgniter\View\{closure}()
 2 SYSTEMPATH\Common.php(1134): CodeIgniter\View\View->render()
 3 APPPATH\Controllers\mainController.php(18): view()
 4 SYSTEMPATH\CodeIgniter.php(927): App\Controllers\mainController->index()
 5 SYSTEMPATH\CodeIgniter.php(482): CodeIgniter\CodeIgniter->runController()
 6 SYSTEMPATH\CodeIgniter.php(351): CodeIgniter\CodeIgniter->handleRequest()
 7 FCPATH\index.php(67): CodeIgniter\CodeIgniter->run()
CRITICAL - 2022-11-23 13:26:03 --> syntax error, unexpected token "endforeach", expecting "elseif" or "else" or "endif"
in APPPATH\Views\home.php on line 35.
 1 SYSTEMPATH\View\View.php(216): CodeIgniter\View\View->CodeIgniter\View\{closure}()
 2 SYSTEMPATH\Common.php(1134): CodeIgniter\View\View->render()
 3 APPPATH\Controllers\mainController.php(18): view()
 4 SYSTEMPATH\CodeIgniter.php(927): App\Controllers\mainController->index()
 5 SYSTEMPATH\CodeIgniter.php(482): CodeIgniter\CodeIgniter->runController()
 6 SYSTEMPATH\CodeIgniter.php(351): CodeIgniter\CodeIgniter->handleRequest()
 7 FCPATH\index.php(67): CodeIgniter\CodeIgniter->run()
CRITICAL - 2022-11-23 13:26:16 --> syntax error, unexpected token "endforeach", expecting "elseif" or "else" or "endif"
in APPPATH\Views\home.php on line 35.
 1 SYSTEMPATH\View\View.php(216): CodeIgniter\View\View->CodeIgniter\View\{closure}()
 2 SYSTEMPATH\Common.php(1134): CodeIgniter\View\View->render()
 3 APPPATH\Controllers\mainController.php(18): view()
 4 SYSTEMPATH\CodeIgniter.php(927): App\Controllers\mainController->index()
 5 SYSTEMPATH\CodeIgniter.php(482): CodeIgniter\CodeIgniter->runController()
 6 SYSTEMPATH\CodeIgniter.php(351): CodeIgniter\CodeIgniter->handleRequest()
 7 FCPATH\index.php(67): CodeIgniter\CodeIgniter->run()
